Flutter crash report.
Please report a bug at https://github.com/flutter/flutter/issues.

## command

flutter run --machine --start-paused -d emulator-5554 --devtools-server-address http://127.0.0.1:9100/ --target lib\main.dart

## exception

HttpException: HttpException: Connection closed before full header was received, uri = http://127.0.0.1:50363/SZdUZvjk3bQ=/ws

```
```

## flutter doctor

```
[!] Flutter (Channel stable, 3.10.6, on Microsoft Windows [Version 10.0.22621.2134], locale en-IN)
    • Flutter version 3.10.6 on channel stable at C:\Users\vedan\Downloads\flutter_windows_3.10.6-stable\flutter
    ! The flutter binary is not on your path. Consider adding C:\Users\vedan\Downloads\flutter_windows_3.10.6-stable\flutter\bin to your path.
    ! The dart binary is not on your path. Consider adding C:\Users\vedan\Downloads\flutter_windows_3.10.6-stable\flutter\bin to your path.
    • Upstream repository https://github.com/flutter/flutter.git
    • Framework revision f468f3366c (5 weeks ago), 2023-07-12 15:19:05 -0700
    • Engine revision cdbeda788a
    • Dart version 3.0.6
    • DevTools version 2.23.1
    • If those were intentional, you can disregard the above warnings; however it is recommended to use "git" directly to perform update checks and upgrades.

[✓] Windows Version (Installed version of Windows is version 10 or higher)

[✓] Android toolchain - develop for Android devices (Android SDK version 33.0.0)
    • Android SDK at C:\Users\vedan\AppData\Local\Android\sdk
    • Platform android-33, build-tools 33.0.0
    • Java binary at: C:\Program Files\Android\Android Studio\jbr\bin\java
    • Java version OpenJDK Runtime Environment (build 17.0.6+0-b2043.56-9586694)
    • All Android licenses accepted.

[✓] Chrome - develop for the web
    • Chrome at C:\Program Files\Google\Chrome\Application\chrome.exe

[✓] Visual Studio - develop for Windows (Visual Studio Build Tools 2019 16.11.13)
    • Visual Studio at C:\Program Files (x86)\Microsoft Visual Studio\2019\BuildTools
    • Visual Studio Build Tools 2019 version 16.11.32413.511
    • Windows 10 SDK version 10.0.19041.0

[✓] Android Studio (version 2022.2)
    • Android Studio at C:\Program Files\Android\Android Studio
    • Flutter plugin can be installed from:
      🔨 https://plugins.jetbrains.com/plugin/9212-flutter
    • Dart plugin can be installed from:
      🔨 https://plugins.jetbrains.com/plugin/6351-dart
    • Java version OpenJDK Runtime Environment (build 17.0.6+0-b2043.56-9586694)

[✓] VS Code (version 1.81.1)
    • VS Code at C:\Users\vedan\AppData\Local\Programs\Microsoft VS Code
    • Flutter extension version 3.70.0

[✓] Connected device (4 available)
    • sdk gphone64 x86 64 (mobile) • emulator-5554 • android-x64    • Android 14 (API 34) (emulator)
    • Windows (desktop)            • windows       • windows-x64    • Microsoft Windows [Version 10.0.22621.2134]
    • Chrome (web)                 • chrome        • web-javascript • Google Chrome 115.0.5790.171
    • Edge (web)                   • edge          • web-javascript • Microsoft Edge 115.0.1901.203

[✓] Network resources
    • All expected network resources are available.

! Doctor found issues in 1 category.
```
